2025-10-19 16:26:45 [main] INFO  d.a.t.DevelopementGr54fsApplication - Starting DevelopementGr54fsApplication using Java 24.0.1 with PID 90769 (/Users/elvira/Documents/development/workspace/DevelopementGr54fs/target/classes started by elvira in /Users/elvira/Documents/development/workspace/DevelopementGr54fs)
2025-10-19 16:26:45 [main] DEBUG d.a.t.DevelopementGr54fsApplication - Running with Spring Boot v3.5.6, Spring v6.2.11
2025-10-19 16:26:45 [main] INFO  d.a.t.DevelopementGr54fsApplication - No active profile set, falling back to 1 default profile: "default"
2025-10-19 16:26:45 [main] INFO  o.s.b.w.embedded.tomcat.TomcatWebServer - Tomcat initialized with port 8080 (http)
2025-10-19 16:26:45 [main] INFO  o.apache.coyote.http11.Http11NioProtocol - Initializing ProtocolHandler ["http-nio-8080"]
2025-10-19 16:26:45 [main] INFO  o.apache.catalina.core.StandardService - Starting service [Tomcat]
2025-10-19 16:26:45 [main] INFO  org.apache.catalina.core.StandardEngine - Starting Servlet engine: [Apache Tomcat/10.1.46]
2025-10-19 16:26:45 [main] INFO  o.a.c.c.C.[Tomcat].[localhost].[/] - Initializing Spring embedded WebApplicationContext
2025-10-19 16:26:45 [main] INFO  o.s.b.w.s.c.ServletWebServerApplicationContext - Root WebApplicationContext: initialization completed in 394 ms
2025-10-19 16:26:45 [main] INFO  o.s.v.b.OptionalValidatorFactoryBean - Failed to set up a Bean Validation provider: jakarta.validation.NoProviderFoundException: Unable to create a Configuration, because no Jakarta Bean Validation provider could be found. Add a provider like Hibernate Validator (RI) to your classpath.
2025-10-19 16:26:45 [main] INFO  o.apache.coyote.http11.Http11NioProtocol - Starting ProtocolHandler ["http-nio-8080"]
2025-10-19 16:26:45 [main] INFO  o.s.b.w.embedded.tomcat.TomcatWebServer - Tomcat started on port 8080 (http) with context path '/'
2025-10-19 16:26:45 [main] INFO  d.a.t.DevelopementGr54fsApplication - Started DevelopementGr54fsApplication in 0.884 seconds (process running for 1.151)
2025-10-19 16:27:37 [http-nio-8080-exec-2] INFO  o.a.c.c.C.[Tomcat].[localhost].[/] - Initializing Spring DispatcherServlet 'dispatcherServlet'
2025-10-19 16:27:37 [http-nio-8080-exec-2] INFO  o.s.web.servlet.DispatcherServlet - Initializing Servlet 'dispatcherServlet'
2025-10-19 16:27:37 [http-nio-8080-exec-2] INFO  o.s.web.servlet.DispatcherServlet - Completed initialization in 1 ms
2025-10-19 16:35:55 [SpringApplicationShutdownHook] INFO  o.s.b.w.embedded.tomcat.GracefulShutdown - Commencing graceful shutdown. Waiting for active requests to complete
2025-10-19 16:35:55 [tomcat-shutdown] INFO  o.s.b.w.embedded.tomcat.GracefulShutdown - Graceful shutdown complete
2025-10-19 16:35:58 [main] INFO  d.a.t.DevelopementGr54fsApplication - Starting DevelopementGr54fsApplication using Java 24.0.1 with PID 90866 (/Users/elvira/Documents/development/workspace/DevelopementGr54fs/target/classes started by elvira in /Users/elvira/Documents/development/workspace/DevelopementGr54fs)
2025-10-19 16:35:58 [main] DEBUG d.a.t.DevelopementGr54fsApplication - Running with Spring Boot v3.5.6, Spring v6.2.11
2025-10-19 16:35:58 [main] INFO  d.a.t.DevelopementGr54fsApplication - No active profile set, falling back to 1 default profile: "default"
2025-10-19 16:35:59 [main] INFO  o.s.b.w.embedded.tomcat.TomcatWebServer - Tomcat initialized with port 8080 (http)
2025-10-19 16:35:59 [main] INFO  o.apache.coyote.http11.Http11NioProtocol - Initializing ProtocolHandler ["http-nio-8080"]
2025-10-19 16:35:59 [main] INFO  o.apache.catalina.core.StandardService - Starting service [Tomcat]
2025-10-19 16:35:59 [main] INFO  org.apache.catalina.core.StandardEngine - Starting Servlet engine: [Apache Tomcat/10.1.46]
2025-10-19 16:35:59 [main] INFO  o.a.c.c.C.[Tomcat].[localhost].[/] - Initializing Spring embedded WebApplicationContext
2025-10-19 16:35:59 [main] INFO  o.s.b.w.s.c.ServletWebServerApplicationContext - Root WebApplicationContext: initialization completed in 378 ms
2025-10-19 16:35:59 [main] INFO  o.s.v.b.OptionalValidatorFactoryBean - Failed to set up a Bean Validation provider: jakarta.validation.NoProviderFoundException: Unable to create a Configuration, because no Jakarta Bean Validation provider could be found. Add a provider like Hibernate Validator (RI) to your classpath.
2025-10-19 16:35:59 [main] INFO  o.apache.coyote.http11.Http11NioProtocol - Starting ProtocolHandler ["http-nio-8080"]
2025-10-19 16:35:59 [main] INFO  o.s.b.w.embedded.tomcat.TomcatWebServer - Tomcat started on port 8080 (http) with context path '/'
2025-10-19 16:35:59 [main] INFO  d.a.t.DevelopementGr54fsApplication - Started DevelopementGr54fsApplication in 0.88 seconds (process running for 1.211)
2025-10-19 16:37:13 [http-nio-8080-exec-1] INFO  o.a.c.c.C.[Tomcat].[localhost].[/] - Initializing Spring DispatcherServlet 'dispatcherServlet'
2025-10-19 16:37:13 [http-nio-8080-exec-1] INFO  o.s.web.servlet.DispatcherServlet - Initializing Servlet 'dispatcherServlet'
2025-10-19 16:37:13 [http-nio-8080-exec-1] INFO  o.s.web.servlet.DispatcherServlet - Completed initialization in 1 ms
2025-10-19 16:37:13 [http-nio-8080-exec-1] INFO  o.springdoc.api.AbstractOpenApiResource - Init duration for springdoc-openapi is: 137 ms
2025-10-19 16:40:33 [http-nio-8080-exec-8] INFO  d.a.t.controller.RestApiCarController - Car posted successfully
2025-10-19 16:42:08 [http-nio-8080-exec-3] INFO  d.a.t.controller.RestApiCarController - Car id 5 has been updated
2025-10-19 17:05:57 [SpringApplicationShutdownHook] INFO  o.s.b.w.embedded.tomcat.GracefulShutdown - Commencing graceful shutdown. Waiting for active requests to complete
2025-10-19 17:05:57 [tomcat-shutdown] INFO  o.s.b.w.embedded.tomcat.GracefulShutdown - Graceful shutdown complete
2025-10-19 17:05:58 [main] INFO  d.a.t.DevelopementGr54fsApplication - Starting DevelopementGr54fsApplication using Java 24.0.1 with PID 91153 (/Users/elvira/Documents/development/workspace/DevelopementGr54fs/target/classes started by elvira in /Users/elvira/Documents/development/workspace/DevelopementGr54fs)
2025-10-19 17:05:58 [main] DEBUG d.a.t.DevelopementGr54fsApplication - Running with Spring Boot v3.5.6, Spring v6.2.11
2025-10-19 17:05:58 [main] INFO  d.a.t.DevelopementGr54fsApplication - No active profile set, falling back to 1 default profile: "default"
2025-10-19 17:05:59 [main] INFO  o.s.b.w.embedded.tomcat.TomcatWebServer - Tomcat initialized with port 8080 (http)
2025-10-19 17:05:59 [main] INFO  o.apache.coyote.http11.Http11NioProtocol - Initializing ProtocolHandler ["http-nio-8080"]
2025-10-19 17:05:59 [main] INFO  o.apache.catalina.core.StandardService - Starting service [Tomcat]
2025-10-19 17:05:59 [main] INFO  org.apache.catalina.core.StandardEngine - Starting Servlet engine: [Apache Tomcat/10.1.46]
2025-10-19 17:05:59 [main] INFO  o.a.c.c.C.[Tomcat].[localhost].[/] - Initializing Spring embedded WebApplicationContext
2025-10-19 17:05:59 [main] INFO  o.s.b.w.s.c.ServletWebServerApplicationContext - Root WebApplicationContext: initialization completed in 376 ms
2025-10-19 17:05:59 [main] INFO  o.s.v.b.OptionalValidatorFactoryBean - Failed to set up a Bean Validation provider: jakarta.validation.NoProviderFoundException: Unable to create a Configuration, because no Jakarta Bean Validation provider could be found. Add a provider like Hibernate Validator (RI) to your classpath.
2025-10-19 17:05:59 [main] INFO  o.apache.coyote.http11.Http11NioProtocol - Starting ProtocolHandler ["http-nio-8080"]
2025-10-19 17:05:59 [main] INFO  o.s.b.w.embedded.tomcat.TomcatWebServer - Tomcat started on port 8080 (http) with context path '/'
2025-10-19 17:05:59 [main] INFO  d.a.t.DevelopementGr54fsApplication - Started DevelopementGr54fsApplication in 0.848 seconds (process running for 1.091)
2025-10-19 17:06:28 [http-nio-8080-exec-2] INFO  o.a.c.c.C.[Tomcat].[localhost].[/] - Initializing Spring DispatcherServlet 'dispatcherServlet'
2025-10-19 17:06:28 [http-nio-8080-exec-2] INFO  o.s.web.servlet.DispatcherServlet - Initializing Servlet 'dispatcherServlet'
2025-10-19 17:06:28 [http-nio-8080-exec-2] INFO  o.s.web.servlet.DispatcherServlet - Completed initialization in 1 ms
2025-10-19 17:07:59 [http-nio-8080-exec-9] INFO  o.springdoc.api.AbstractOpenApiResource - Init duration for springdoc-openapi is: 116 ms
2025-10-19 17:09:42 [SpringApplicationShutdownHook] INFO  o.s.b.w.embedded.tomcat.GracefulShutdown - Commencing graceful shutdown. Waiting for active requests to complete
2025-10-19 17:09:42 [tomcat-shutdown] INFO  o.s.b.w.embedded.tomcat.GracefulShutdown - Graceful shutdown complete
2025-10-19 17:09:44 [main] INFO  d.a.t.DevelopementGr54fsApplication - Starting DevelopementGr54fsApplication using Java 24.0.1 with PID 91200 (/Users/elvira/Documents/development/workspace/DevelopementGr54fs/target/classes started by elvira in /Users/elvira/Documents/development/workspace/DevelopementGr54fs)
2025-10-19 17:09:44 [main] DEBUG d.a.t.DevelopementGr54fsApplication - Running with Spring Boot v3.5.6, Spring v6.2.11
2025-10-19 17:09:44 [main] INFO  d.a.t.DevelopementGr54fsApplication - No active profile set, falling back to 1 default profile: "default"
2025-10-19 17:09:44 [main] INFO  o.s.b.w.embedded.tomcat.TomcatWebServer - Tomcat initialized with port 8080 (http)
2025-10-19 17:09:44 [main] INFO  o.apache.coyote.http11.Http11NioProtocol - Initializing ProtocolHandler ["http-nio-8080"]
2025-10-19 17:09:44 [main] INFO  o.apache.catalina.core.StandardService - Starting service [Tomcat]
2025-10-19 17:09:44 [main] INFO  org.apache.catalina.core.StandardEngine - Starting Servlet engine: [Apache Tomcat/10.1.46]
2025-10-19 17:09:44 [main] INFO  o.a.c.c.C.[Tomcat].[localhost].[/] - Initializing Spring embedded WebApplicationContext
2025-10-19 17:09:44 [main] INFO  o.s.b.w.s.c.ServletWebServerApplicationContext - Root WebApplicationContext: initialization completed in 361 ms
2025-10-19 17:09:44 [main] INFO  o.s.v.b.OptionalValidatorFactoryBean - Failed to set up a Bean Validation provider: jakarta.validation.NoProviderFoundException: Unable to create a Configuration, because no Jakarta Bean Validation provider could be found. Add a provider like Hibernate Validator (RI) to your classpath.
2025-10-19 17:09:44 [main] INFO  o.apache.coyote.http11.Http11NioProtocol - Starting ProtocolHandler ["http-nio-8080"]
2025-10-19 17:09:44 [main] INFO  o.s.b.w.embedded.tomcat.TomcatWebServer - Tomcat started on port 8080 (http) with context path '/'
2025-10-19 17:09:44 [main] INFO  d.a.t.DevelopementGr54fsApplication - Started DevelopementGr54fsApplication in 0.811 seconds (process running for 1.082)
2025-10-19 17:09:58 [http-nio-8080-exec-1] INFO  o.a.c.c.C.[Tomcat].[localhost].[/] - Initializing Spring DispatcherServlet 'dispatcherServlet'
2025-10-19 17:09:58 [http-nio-8080-exec-1] INFO  o.s.web.servlet.DispatcherServlet - Initializing Servlet 'dispatcherServlet'
2025-10-19 17:09:58 [http-nio-8080-exec-1] INFO  o.s.web.servlet.DispatcherServlet - Completed initialization in 1 ms
2025-10-19 17:09:58 [http-nio-8080-exec-4] INFO  o.springdoc.api.AbstractOpenApiResource - Init duration for springdoc-openapi is: 115 ms
2025-10-19 17:37:22 [SpringApplicationShutdownHook] INFO  o.s.b.w.embedded.tomcat.GracefulShutdown - Commencing graceful shutdown. Waiting for active requests to complete
2025-10-19 17:37:22 [tomcat-shutdown] INFO  o.s.b.w.embedded.tomcat.GracefulShutdown - Graceful shutdown complete
2025-10-19 17:37:24 [main] INFO  d.a.t.DevelopementGr54fsApplication - Starting DevelopementGr54fsApplication using Java 24.0.1 with PID 91363 (/Users/elvira/Documents/development/workspace/DevelopementGr54fs/target/classes started by elvira in /Users/elvira/Documents/development/workspace/DevelopementGr54fs)
2025-10-19 17:37:24 [main] DEBUG d.a.t.DevelopementGr54fsApplication - Running with Spring Boot v3.5.6, Spring v6.2.11
2025-10-19 17:37:24 [main] INFO  d.a.t.DevelopementGr54fsApplication - No active profile set, falling back to 1 default profile: "default"
2025-10-19 17:37:25 [main] INFO  o.s.b.w.embedded.tomcat.TomcatWebServer - Tomcat initialized with port 8080 (http)
2025-10-19 17:37:25 [main] INFO  o.apache.coyote.http11.Http11NioProtocol - Initializing ProtocolHandler ["http-nio-8080"]
2025-10-19 17:37:25 [main] INFO  o.apache.catalina.core.StandardService - Starting service [Tomcat]
2025-10-19 17:37:25 [main] INFO  org.apache.catalina.core.StandardEngine - Starting Servlet engine: [Apache Tomcat/10.1.46]
2025-10-19 17:37:25 [main] INFO  o.a.c.c.C.[Tomcat].[localhost].[/] - Initializing Spring embedded WebApplicationContext
2025-10-19 17:37:25 [main] INFO  o.s.b.w.s.c.ServletWebServerApplicationContext - Root WebApplicationContext: initialization completed in 389 ms
2025-10-19 17:37:25 [main] INFO  o.s.v.b.OptionalValidatorFactoryBean - Failed to set up a Bean Validation provider: jakarta.validation.NoProviderFoundException: Unable to create a Configuration, because no Jakarta Bean Validation provider could be found. Add a provider like Hibernate Validator (RI) to your classpath.
2025-10-19 17:37:25 [main] INFO  o.apache.coyote.http11.Http11NioProtocol - Starting ProtocolHandler ["http-nio-8080"]
2025-10-19 17:37:25 [main] INFO  o.s.b.w.embedded.tomcat.TomcatWebServer - Tomcat started on port 8080 (http) with context path '/'
2025-10-19 17:37:25 [main] INFO  d.a.t.DevelopementGr54fsApplication - Started DevelopementGr54fsApplication in 0.894 seconds (process running for 1.151)
2025-10-19 17:37:33 [http-nio-8080-exec-1] INFO  o.a.c.c.C.[Tomcat].[localhost].[/] - Initializing Spring DispatcherServlet 'dispatcherServlet'
2025-10-19 17:37:33 [http-nio-8080-exec-1] INFO  o.s.web.servlet.DispatcherServlet - Initializing Servlet 'dispatcherServlet'
2025-10-19 17:37:33 [http-nio-8080-exec-1] INFO  o.s.web.servlet.DispatcherServlet - Completed initialization in 1 ms
2025-10-19 17:37:33 [http-nio-8080-exec-4] INFO  o.springdoc.api.AbstractOpenApiResource - Init duration for springdoc-openapi is: 121 ms
2025-10-19 17:38:31 [http-nio-8080-exec-7] INFO  d.a.t.controller.RestApiCarController - Car posted successfully
